#-----------------------------------------------------------
# Vivado v2016.4 (64-bit)
# SW Build 1756540 on Mon Jan 23 19:11:23 MST 2017
# IP Build 1755317 on Mon Jan 23 20:30:07 MST 2017
# Start of session at: Mon May 02 11:26:30 2022
# Process ID: 10040
# Current directory: C:/Users/Vlad Ursache/OneDrive - Technical University of Cluj-Napoca/Desktop/22/AC/Laburi/MIPS1.1
# Command line: vivado.exe -gui_launcher_event rodinguilauncherevent14160 C:\Users\Vlad Ursache\OneDrive - Technical University of Cluj-Napoca\Desktop\22\AC\Laburi\MIPS1.1\MIPS.xpr
# Log file: C:/Users/Vlad Ursache/OneDrive - Technical University of Cluj-Napoca/Desktop/22/AC/Laburi/MIPS1.1/vivado.log
# Journal file: C:/Users/Vlad Ursache/OneDrive - Technical University of Cluj-Napoca/Desktop/22/AC/Laburi/MIPS1.1\vivado.jou
#-----------------------------------------------------------
start_gui
open_project {C:/Users/Vlad Ursache/OneDrive - Technical University of Cluj-Napoca/Desktop/22/AC/Laburi/MIPS1.1/MIPS.xpr}
INFO: [ProjectBase 1-489] The host OS only allows 260 characters in a normal path. The project is stored in a path with more than 80 characters. If you experience issues with IP, Block Designs, or files not being found, please consider moving the project to a location with a shorter path. Alternately consider using the OS subst command to map part of the path to a drive letter.
Current project path is 'C:/Users/Vlad Ursache/OneDrive - Technical University of Cluj-Napoca/Desktop/22/AC/Laburi/MIPS1.1'
INFO: [Project 1-313] Project file moved from 'C:/Users/Vlad Ursache/MIPS' since last save.
Scanning sources...
Finished scanning sources
INFO: [IP_Flow 19-234] Refreshing IP repositories
INFO: [IP_Flow 19-1704] No user IP repositories specified
INFO: [IP_Flow 19-2313] Loaded Vivado IP repository 'C:/Xilinx/Vivado/2016.4/data/ip'.
exit
INFO: [Common 17-206] Exiting Vivado at Mon May 02 11:27:50 2022...
