Copyright 1986-2016 Xilinx, Inc. All Rights Reserved.
------------------------------------------------------------------------------------
| Tool Version : Vivado v.2016.4 (win64) Build 1756540 Mon Jan 23 19:11:23 MST 2017
| Date         : Wed Apr 27 13:22:16 2022
| Host         : DESKTOP-R9J9OE8 running 64-bit major release  (build 9200)
| Command      : report_control_sets -verbose -file MIPS_control_sets_placed.rpt
| Design       : MIPS
| Device       : xc7a35t
------------------------------------------------------------------------------------

Control Set Information

Table of Contents
-----------------
1. Summary
2. Flip-Flop Distribution
3. Detailed Control Set Information

1. Summary
----------

+----------------------------------------------------------+-------+
|                          Status                          | Count |
+----------------------------------------------------------+-------+
| Number of unique control sets                            |     5 |
| Unused register locations in slices containing registers |    13 |
+----------------------------------------------------------+-------+


2. Flip-Flop Distribution
-------------------------

+--------------+-----------------------+------------------------+-----------------+--------------+
| Clock Enable | Synchronous Set/Reset | Asynchronous Set/Reset | Total Registers | Total Slices |
+--------------+-----------------------+------------------------+-----------------+--------------+
| No           | No                    | No                     |              34 |           10 |
| No           | No                    | Yes                    |               0 |            0 |
| No           | Yes                   | No                     |               0 |            0 |
| Yes          | No                    | No                     |              25 |            8 |
| Yes          | No                    | Yes                    |               0 |            0 |
| Yes          | Yes                   | No                     |               0 |            0 |
+--------------+-----------------------+------------------------+-----------------+--------------+


3. Detailed Control Set Information
-----------------------------------

+----------------+------------------------------+------------------+------------------+----------------+
|  Clock Signal  |         Enable Signal        | Set/Reset Signal | Slice Load Count | Bel Load Count |
+----------------+------------------------------+------------------+------------------+----------------+
|  clk_IBUF_BUFG | button/Q1_i_1_n_0            |                  |                1 |              1 |
|  clk_IBUF_BUFG | button/E[0]                  |                  |                7 |             24 |
|  clk_IBUF_BUFG |                              |                  |               10 |             34 |
|  clk_IBUF_BUFG | InstructionFetch/led_OBUF[4] |                  |                6 |             48 |
|  clk_IBUF_BUFG | InstructionFetch/led_OBUF[2] |                  |               16 |             64 |
+----------------+------------------------------+------------------+------------------+----------------+


+--------+-----------------------+
| Fanout | Number of ControlSets |
+--------+-----------------------+
| 1      |                     1 |
| 16+    |                     4 |
+--------+-----------------------+


