Copyright 1986-2016 Xilinx, Inc. All Rights Reserved.
----------------------------------------------------------------------------------------------------------------------------------
| Tool Version     : Vivado v.2016.4 (win64) Build 1756540 Mon Jan 23 19:11:23 MST 2017
| Date             : Wed Apr 27 13:22:33 2022
| Host             : DESKTOP-R9J9OE8 running 64-bit major release  (build 9200)
| Command          : report_power -file MIPS_power_routed.rpt -pb MIPS_power_summary_routed.pb -rpx MIPS_power_routed.rpx
| Design           : MIPS
| Device           : xc7a35tcpg236-1
| Design State     : routed
| Grade            : commercial
| Process          : typical
| Characterization : Production
----------------------------------------------------------------------------------------------------------------------------------

Power Report

Table of Contents
-----------------
1. Summary
1.1 On-Chip Components
1.2 Power Supply Summary
1.3 Confidence Level
2. Settings
2.1 Environment
2.2 Clock Constraints
3. Detailed Reports
3.1 By Hierarchy

1. Summary
----------

+--------------------------+----------------------------------+
| Total On-Chip Power (W)  | 25.579 (Junction temp exceeded!) |
| Dynamic (W)              | 25.093                           |
| Device Static (W)        | 0.486                            |
| Effective TJA (C/W)      | 5.0                              |
| Max Ambient (C)          | 0.0                              |
| Junction Temperature (C) | 125.0                            |
| Confidence Level         | Low                              |
| Setting File             | ---                              |
| Simulation Activity File | ---                              |
| Design Nets Matched      | NA                               |
+--------------------------+----------------------------------+


1.1 On-Chip Components
----------------------

+--------------------------+-----------+----------+-----------+-----------------+
| On-Chip                  | Power (W) | Used     | Available | Utilization (%) |
+--------------------------+-----------+----------+-----------+-----------------+
| Slice Logic              |     2.100 |      398 |       --- |             --- |
|   LUT as Logic           |     1.006 |      112 |     20800 |            0.54 |
|   LUT as Distributed RAM |     0.890 |       88 |      9600 |            0.92 |
|   F7/F8 Muxes            |     0.100 |       64 |     32600 |            0.20 |
|   CARRY4                 |     0.080 |       22 |      8150 |            0.27 |
|   Register               |     0.020 |       59 |     41600 |            0.14 |
|   BUFG                   |     0.006 |        1 |        32 |            3.13 |
|   Others                 |     0.000 |        9 |       --- |             --- |
| Signals                  |     2.573 |      247 |       --- |             --- |
| I/O                      |    20.420 |       32 |       106 |           30.19 |
| Static Power             |     0.486 |          |           |                 |
| Total                    |    25.579 |          |           |                 |
+--------------------------+-----------+----------+-----------+-----------------+


1.2 Power Supply Summary
------------------------

+-----------+-------------+-----------+-------------+------------+
| Source    | Voltage (V) | Total (A) | Dynamic (A) | Static (A) |
+-----------+-------------+-----------+-------------+------------+
| Vccint    |       1.000 |     5.034 |       4.693 |      0.341 |
| Vccaux    |       1.800 |     0.801 |       0.748 |      0.053 |
| Vcco33    |       3.300 |     5.775 |       5.774 |      0.001 |
| Vcco25    |       2.500 |     0.000 |       0.000 |      0.000 |
| Vcco18    |       1.800 |     0.000 |       0.000 |      0.000 |
| Vcco15    |       1.500 |     0.000 |       0.000 |      0.000 |
| Vcco135   |       1.350 |     0.000 |       0.000 |      0.000 |
| Vcco12    |       1.200 |     0.000 |       0.000 |      0.000 |
| Vccaux_io |       1.800 |     0.000 |       0.000 |      0.000 |
| Vccbram   |       1.000 |     0.010 |       0.000 |      0.010 |
| MGTAVcc   |       1.000 |     0.000 |       0.000 |      0.000 |
| MGTAVtt   |       1.200 |     0.000 |       0.000 |      0.000 |
| Vccadc    |       1.800 |     0.020 |       0.000 |      0.020 |
+-----------+-------------+-----------+-------------+------------+


1.3 Confidence Level
--------------------

+-----------------------------+------------+--------------------------------------------------------+--------------------------------------------------------------------------------------------------------------------+
| User Input Data             | Confidence | Details                                                | Action                                                                                                             |
+-----------------------------+------------+--------------------------------------------------------+--------------------------------------------------------------------------------------------------------------------+
| Design implementation state | High       | Design is routed                                       |                                                                                                                    |
| Clock nodes activity        | Low        | User specified less than 75% of clocks                 | Provide missing clock activity with a constraint file, simulation results or by editing the "By Clock Domain" view |
| I/O nodes activity          | Low        | More than 75% of inputs are missing user specification | Provide missing input activity with simulation results or by editing the "By Resource Type -> I/Os" view           |
| Internal nodes activity     | Medium     | User specified less than 25% of internal nodes         | Provide missing internal nodes activity with simulation results or by editing the "By Resource Type" views         |
| Device models               | High       | Device models are Production                           |                                                                                                                    |
|                             |            |                                                        |                                                                                                                    |
| Overall confidence level    | Low        |                                                        |                                                                                                                    |
+-----------------------------+------------+--------------------------------------------------------+--------------------------------------------------------------------------------------------------------------------+


2. Settings
-----------

2.1 Environment
---------------

+-----------------------+--------------------------+
| Ambient Temp (C)      | 25.0                     |
| ThetaJA (C/W)         | 5.0                      |
| Airflow (LFM)         | 250                      |
| Heat Sink             | medium (Medium Profile)  |
| ThetaSA (C/W)         | 4.6                      |
| Board Selection       | medium (10"x10")         |
| # of Board Layers     | 12to15 (12 to 15 Layers) |
| Board Temperature (C) | 25.0                     |
+-----------------------+--------------------------+


2.2 Clock Constraints
---------------------

+-------+--------+-----------------+
| Clock | Domain | Constraint (ns) |
+-------+--------+-----------------+


3. Detailed Reports
-------------------

3.1 By Hierarchy
----------------

+------------------------------+-----------+
| Name                         | Power (W) |
+------------------------------+-----------+
| MIPS                         |    25.093 |
|   Display                    |     0.079 |
|   Execute                    |     1.780 |
|   InstructionDecode          |     1.591 |
|     regfile_reg_r1_0_7_0_5   |     0.138 |
|     regfile_reg_r1_0_7_12_15 |     0.089 |
|     regfile_reg_r1_0_7_6_11  |     0.140 |
|     regfile_reg_r2_0_7_0_5   |     0.139 |
|     regfile_reg_r2_0_7_12_15 |     0.090 |
|     regfile_reg_r2_0_7_6_11  |     0.135 |
|   InstructionFetch           |     0.282 |
|   Memory                     |     0.782 |
|     ram_reg_0_255_0_0        |     0.046 |
|     ram_reg_0_255_10_10      |     0.050 |
|     ram_reg_0_255_11_11      |     0.042 |
|     ram_reg_0_255_12_12      |     0.049 |
|     ram_reg_0_255_13_13      |     0.050 |
|     ram_reg_0_255_14_14      |     0.044 |
|     ram_reg_0_255_15_15      |     0.053 |
|     ram_reg_0_255_1_1        |     0.051 |
|     ram_reg_0_255_2_2        |     0.043 |
|     ram_reg_0_255_3_3        |     0.052 |
|     ram_reg_0_255_4_4        |     0.050 |
|     ram_reg_0_255_5_5        |     0.045 |
|     ram_reg_0_255_6_6        |     0.044 |
|     ram_reg_0_255_7_7        |     0.049 |
|     ram_reg_0_255_8_8        |     0.063 |
|     ram_reg_0_255_9_9        |     0.051 |
|   button                     |     0.070 |
+------------------------------+-----------+


